<?xml version="1.0" encoding="UTF-8"?>
<testsuite name="edu.sm.wather.Wheather4Tests" tests="1" skipped="0" failures="0" errors="0" timestamp="2025-10-27T11:10:57.486Z" hostname="DESKTOP-VB1250F" time="0.307">
  <properties/>
  <testcase name="contextLoads()" classname="edu.sm.wather.Wheather4Tests" time="0.307"/>
  <system-out><![CDATA[[10-27 20:10:57] INFO  o.s.t.c.s.AnnotationConfigContextLoaderUtils - Could not detect default configuration classes for test class [edu.sm.wather.Wheather4Tests]: Wheather4Tests does not declare any static, non-private, non-final, nested classes annotated with @Configuration.
[10-27 20:10:57] INFO  o.s.b.t.c.SpringBootTestContextBootstrapper - Found @SpringBootConfiguration edu.sm.ShopApplication for test class edu.sm.wather.Wheather4Tests
[10-27 20:10:57] INFO  edu.sm.wather.Wheather4Tests - {"city":{"country":"KR","coord":{"lon":127.0042,"lat":36.7836},"sunrise":1761515419,"timezone":32400,"sunset":1761554472,"name":"Asan","id":1839726,"population":0},"cnt":40,"cod":"200","message":0,"list":[{"dt":1761566400,"pop":0,"visibility":10000,"dt_txt":"2025-10-27 12:00:00","weather":[{"icon":"04n","description":"?듉援щ쫫","main":"Clouds","id":803}],"main":{"temp":8.91,"temp_min":7.07,"grnd_level":1013,"temp_kf":1.84,"humidity":65,"pressure":1024,"sea_level":1024,"feels_like":8.06,"temp_max":8.91},"clouds":{"all":54},"sys":{"pod":"n"},"wind":{"deg":298,"speed":1.84,"gust":3.49}},{"dt":1761577200,"pop":0,"visibility":10000,"dt_txt":"2025-10-27 15:00:00","weather":[{"icon":"04n","description":"?듉援щ쫫","main":"Clouds","id":803}],"main":{"temp":8.06,"temp_min":6.36,"grnd_level":1014,"temp_kf":1.7,"humidity":64,"pressure":1024,"sea_level":1024,"feels_like":6.19,"temp_max":8.06},"clouds":{"all":61},"sys":{"pod":"n"},"wind":{"deg":347,"speed":2.99,"gust":6.28}},{"dt":1761588000,"pop":0,"visibility":10000,"dt_txt":"2025-10-27 18:00:00","weather":[{"icon":"03n","description":"援щ쫫議곌툑","main":"Clouds","id":802}],"main":{"temp":5.94,"temp_min":4.45,"grnd_level":1015,"temp_kf":1.49,"humidity":61,"pressure":1025,"sea_level":1025,"feels_like":4.52,"temp_max":5.94},"clouds":{"all":44},"sys":{"pod":"n"},"wind":{"deg":13,"speed":1.94,"gust":2.55}},{"dt":1761598800,"pop":0,"visibility":10000,"dt_txt":"2025-10-27 21:00:00","weather":[{"icon":"01n","description":"留묒쓬","main":"Clear","id":800}],"main":{"temp":3.45,"temp_min":3.45,"grnd_level":1016,"temp_kf":0,"humidity":56,"pressure":1027,"sea_level":1027,"feels_like":3.45,"temp_max":3.45},"clouds":{"all":0},"sys":{"pod":"n"},"wind":{"deg":84,"speed":1.02,"gust":1.06}},{"dt":1761609600,"pop":0,"visibility":10000,"dt_txt":"2025-10-28 00:00:00","weather":[{"icon":"01d","description":"留묒쓬","main":"Clear","id":800}],"main":{"temp":7.01,"temp_min":7.01,"grnd_level":1017,"temp_kf":0,"humidity":44,"pressure":1029,"sea_level":1029,"feels_like":7.01,"temp_max":7.01},"clouds":{"all":0},"sys":{"pod":"d"},"wind":{"deg":111,"speed":0.97,"gust":1.1}},{"dt":1761620400,"pop":0,"visibility":10000,"dt_txt":"2025-10-28 03:00:00","weather":[{"icon":"01d","description":"留묒쓬","main":"Clear","id":800}],"main":{"temp":11.02,"temp_min":11.02,"grnd_level":1017,"temp_kf":0,"humidity":41,"pressure":1029,"sea_level":1029,"feels_like":9.25,"temp_max":11.02},"clouds":{"all":0},"sys":{"pod":"d"},"wind":{"deg":348,"speed":1.22,"gust":2.38}},{"dt":1761631200,"pop":0,"visibility":10000,"dt_txt":"2025-10-28 06:00:00","weather":[{"icon":"01d","description":"留묒쓬","main":"Clear","id":800}],"main":{"temp":12.13,"temp_min":12.13,"grnd_level":1016,"temp_kf":0,"humidity":47,"pressure":1027,"sea_level":1027,"feels_like":10.63,"temp_max":12.13},"clouds":{"all":2},"sys":{"pod":"d"},"wind":{"deg":299,"speed":1.15,"gust":2.47}},{"dt":1761642000,"pop":0,"visibility":10000,"dt_txt":"2025-10-28 09:00:00","weather":[{"icon":"01n","description":"留묒쓬","main":"Clear","id":800}],"main":{"temp":8.42,"temp_min":8.42,"grnd_level":1017,"temp_kf":0,"humidity":65,"pressure":1028,"sea_level":1028,"feels_like":8.42,"temp_max":8.42},"clouds":{"all":6},"sys":{"pod":"n"},"wind":{"deg":1,"speed":0.4,"gust":0.45}},{"dt":1761652800,"pop":0,"visibility":10000,"dt_txt":"2025-10-28 12:00:00","weather":[{"icon":"01n","description":"留묒쓬","main":"Clear","id":800}],"main":{"temp":7.28,"temp_min":7.28,"grnd_level":1018,"temp_kf":0,"humidity":71,"pressure":1029,"sea_level":1029,"feels_like":6.72,"temp_max":7.28},"clouds":{"all":4},"sys":{"pod":"n"},"wind":{"deg":183,"speed":1.36,"gust":1.28}},{"dt":1761663600,"pop":0,"visibility":10000,"dt_txt":"2025-10-28 15:00:00","weather":[{"icon":"02n","description":"?빟媛꾩쓽 援щ쫫?씠 ?? ?븯?뒛","main":"Clouds","id":801}],"main":{"temp":7.17,"temp_min":7.17,"grnd_level":1018,"temp_kf":0,"humidity":72,"pressure":1030,"sea_level":1030,"feels_like":5.63,"temp_max":7.17},"clouds":{"all":14},"sys":{"pod":"n"},"wind":{"deg":160,"speed":2.3,"gust":2.19}},{"dt":1761674400,"pop":0,"visibility":10000,"dt_txt":"2025-10-28 18:00:00","weather":[{"icon":"02n","description":"?빟媛꾩쓽 援щ쫫?씠 ?? ?븯?뒛","main":"Clouds","id":801}],"main":{"temp":6.51,"temp_min":6.51,"grnd_level":1018,"temp_kf":0,"humidity":74,"pressure":1030,"sea_level":1030,"feels_like":5.3,"temp_max":6.51},"clouds":{"all":21},"sys":{"pod":"n"},"wind":{"deg":148,"speed":1.83,"gust":1.71}},{"dt":1761685200,"pop":0,"visibility":10000,"dt_txt":"2025-10-28 21:00:00","weather":[{"icon":"02n","description":"?빟媛꾩쓽 援щ쫫?씠 ?? ?븯?뒛","main":"Clouds","id":801}],"main":{"temp":6.29,"temp_min":6.29,"grnd_level":1019,"temp_kf":0,"humidity":73,"pressure":1030,"sea_level":1030,"feels_like":5,"temp_max":6.29},"clouds":{"all":11},"sys":{"pod":"n"},"wind":{"deg":138,"speed":1.87,"gust":1.81}},{"dt":1761696000,"pop":0,"visibility":10000,"dt_txt":"2025-10-29 00:00:00","weather":[{"icon":"03d","description":"援щ쫫議곌툑","main":"Clouds","id":802}],"main":{"temp":10.22,"temp_min":10.22,"grnd_level":1019,"temp_kf":0,"humidity":63,"pressure":1031,"sea_level":1031,"feels_like":8.94,"temp_max":10.22},"clouds":{"all":26},"sys":{"pod":"d"},"wind":{"deg":130,"speed":1.56,"gust":1.87}},{"dt":1761706800,"pop":0,"visibility":10000,"dt_txt":"2025-10-29 03:00:00","weather":[{"icon":"01d","description":"留묒쓬","main":"Clear","id":800}],"main":{"temp":15.32,"temp_min":15.32,"grnd_level":1019,"temp_kf":0,"humidity":54,"pressure":1030,"sea_level":1030,"feels_like":14.32,"temp_max":15.32},"clouds":{"all":4},"sys":{"pod":"d"},"wind":{"deg":107,"speed":1.05,"gust":0.62}},{"dt":1761717600,"pop":0,"visibility":10000,"dt_txt":"2025-10-29 06:00:00","weather":[{"icon":"01d","description":"留묒쓬","main":"Clear","id":800}],"main":{"temp":15.97,"temp_min":15.97,"grnd_level":1016,"temp_kf":0,"humidity":55,"pressure":1027,"sea_level":1027,"feels_like":15.06,"temp_max":15.97},"clouds":{"all":4},"sys":{"pod":"d"},"wind":{"deg":67,"speed":1.47,"gust":1.19}},{"dt":1761728400,"pop":0,"visibility":10000,"dt_txt":"2025-10-29 09:00:00","weather":[{"icon":"01n","description":"留묒쓬","main":"Clear","id":800}],"main":{"temp":11.76,"temp_min":11.76,"grnd_level":1016,"temp_kf":0,"humidity":72,"pressure":1028,"sea_level":1028,"feels_like":10.87,"temp_max":11.76},"clouds":{"all":0},"sys":{"pod":"n"},"wind":{"deg":121,"speed":1.41,"gust":1.41}},{"dt":1761739200,"pop":0,"visibility":10000,"dt_txt":"2025-10-29 12:00:00","weather":[{"icon":"01n","description":"留묒쓬","main":"Clear","id":800}],"main":{"temp":10.43,"temp_min":10.43,"grnd_level":1016,"temp_kf":0,"humidity":74,"pressure":1028,"sea_level":1028,"feels_like":9.46,"temp_max":10.43},"clouds":{"all":0},"sys":{"pod":"n"},"wind":{"deg":127,"speed":1.78,"gust":1.65}},{"dt":1761750000,"pop":0,"visibility":10000,"dt_txt":"2025-10-29 15:00:00","weather":[{"icon":"01n","description":"留묒쓬","main":"Clear","id":800}],"main":{"temp":9.44,"temp_min":9.44,"grnd_level":1017,"temp_kf":0,"humidity":77,"pressure":1028,"sea_level":1028,"feels_like":8.89,"temp_max":9.44},"clouds":{"all":0},"sys":{"pod":"n"},"wind":{"deg":131,"speed":1.62,"gust":1.51}},{"dt":1761760800,"pop":0,"visibility":10000,"dt_txt":"2025-10-29 18:00:00","weather":[{"icon":"01n","description":"留묒쓬","main":"Clear","id":800}],"main":{"temp":8.56,"temp_min":8.56,"grnd_level":1017,"temp_kf":0,"humidity":75,"pressure":1028,"sea_level":1028,"feels_like":7.9,"temp_max":8.56},"clouds":{"all":0},"sys":{"pod":"n"},"wind":{"deg":152,"speed":1.6,"gust":1.46}},{"dt":1761771600,"pop":0,"visibility":10000,"dt_txt":"2025-10-29 21:00:00","weather":[{"icon":"01n","description":"留묒쓬","main":"Clear","id":800}],"main":{"temp":8.05,"temp_min":8.05,"grnd_level":1017,"temp_kf":0,"humidity":76,"pressure":1028,"sea_level":1028,"feels_like":7.22,"temp_max":8.05},"clouds":{"all":0},"sys":{"pod":"n"},"wind":{"deg":153,"speed":1.69,"gust":1.63}},{"dt":1761782400,"pop":0,"visibility":10000,"dt_txt":"2025-10-30 00:00:00","weather":[{"icon":"01d","description":"留묒쓬","main":"Clear","id":800}],"main":{"temp":12.1,"temp_min":12.1,"grnd_level":1017,"temp_kf":0,"humidity":66,"pressure":1028,"sea_level":1028,"feels_like":11.09,"temp_max":12.1},"clouds":{"all":1},"sys":{"pod":"d"},"wind":{"deg":126,"speed":1.38,"gust":1.6}},{"dt":1761793200,"pop":0,"visibility":10000,"dt_txt":"2025-10-30 03:00:00","weather":[{"icon":"02d","description":"?빟媛꾩쓽 援щ쫫?씠 ?? ?븯?뒛","main":"Clouds","id":801}],"main":{"temp":17.19,"temp_min":17.19,"grnd_level":1016,"temp_kf":0,"humidity":54,"pressure":1027,"sea_level":1027,"feels_like":16.37,"temp_max":17.19},"clouds":{"all":22},"sys":{"pod":"d"},"wind":{"deg":349,"speed":0.43,"gust":1.21}},{"dt":1761804000,"pop":0,"visibility":10000,"dt_txt":"2025-10-30 06:00:00","weather":[{"icon":"03d","description":"援щ쫫議곌툑","main":"Clouds","id":802}],"main":{"temp":17.59,"temp_min":17.59,"grnd_level":1014,"temp_kf":0,"humidity":53,"pressure":1025,"sea_level":1025,"feels_like":16.79,"temp_max":17.59},"clouds":{"all":30},"sys":{"pod":"d"},"wind":{"deg":328,"speed":1.36,"gust":1.65}},{"dt":1761814800,"pop":0,"visibility":10000,"dt_txt":"2025-10-30 09:00:00","weather":[{"icon":"03n","description":"援щ쫫議곌툑","main":"Clouds","id":802}],"main":{"temp":13.13,"temp_min":13.13,"grnd_level":1014,"temp_kf":0,"humidity":74,"pressure":1025,"sea_level":1025,"feels_like":12.43,"temp_max":13.13},"clouds":{"all":43},"sys":{"pod":"n"},"wind":{"deg":15,"speed":0.9,"gust":0.93}},{"dt":1761825600,"pop":0,"visibility":10000,"dt_txt":"2025-10-30 12:00:00","weather":[{"icon":"03n","description":"援щ쫫議곌툑","main":"Clouds","id":802}],"main":{"temp":11.68,"temp_min":11.68,"grnd_level":1014,"temp_kf":0,"humidity":79,"pressure":1025,"sea_level":1025,"feels_like":10.97,"temp_max":11.68},"clouds":{"all":38},"sys":{"pod":"n"},"wind":{"deg":152,"speed":0.49,"gust":0.4}},{"dt":1761836400,"pop":0,"visibility":10000,"dt_txt":"2025-10-30 15:00:00","weather":[{"icon":"02n","description":"?빟媛꾩쓽 援щ쫫?씠 ?? ?븯?뒛","main":"Clouds","id":801}],"main":{"temp":10.82,"temp_min":10.82,"grnd_level":1014,"temp_kf":0,"humidity":82,"pressure":1025,"sea_level":1025,"feels_like":10.1,"temp_max":10.82},"clouds":{"all":21},"sys":{"pod":"n"},"wind":{"deg":115,"speed":0.63,"gust":0.5}},{"dt":1761847200,"pop":0,"visibility":10000,"dt_txt":"2025-10-30 18:00:00","weather":[{"icon":"02n","description":"?빟媛꾩쓽 援щ쫫?씠 ?? ?븯?뒛","main":"Clouds","id":801}],"main":{"temp":10.27,"temp_min":10.27,"grnd_level":1012,"temp_kf":0,"humidity":83,"pressure":1024,"sea_level":1024,"feels_like":9.52,"temp_max":10.27},"clouds":{"all":14},"sys":{"pod":"n"},"wind":{"deg":110,"speed":1.13,"gust":1}},{"dt":1761858000,"pop":0,"visibility":10000,"dt_txt":"2025-10-30 21:00:00","weather":[{"icon":"03n","description":"援щ쫫議곌툑","main":"Clouds","id":802}],"main":{"temp":9.73,"temp_min":9.73,"grnd_level":1011,"temp_kf":0,"humidity":85,"pressure":1023,"sea_level":1023,"feels_like":9.73,"temp_max":9.73},"clouds":{"all":26},"sys":{"pod":"n"},"wind":{"deg":112,"speed":0.99,"gust":0.91}},{"dt":1761868800,"pop":0,"visibility":10000,"dt_txt":"2025-10-31 00:00:00","weather":[{"icon":"04d","description":"?듉援щ쫫","main":"Clouds","id":803}],"main":{"temp":13.1,"temp_min":13.1,"grnd_level":1011,"temp_kf":0,"humidity":75,"pressure":1022,"sea_level":1022,"feels_like":12.42,"temp_max":13.1},"clouds":{"all":60},"sys":{"pod":"d"},"wind":{"deg":83,"speed":1.1,"gust":1.46}},{"dt":1761879600,"pop":0,"visibility":10000,"dt_txt":"2025-10-31 03:00:00","weather":[{"icon":"04d","description":"?듉援щ쫫","main":"Clouds","id":803}],"main":{"temp":17.49,"temp_min":17.49,"grnd_level":1010,"temp_kf":0,"humidity":62,"pressure":1021,"sea_level":1021,"feels_like":16.91,"temp_max":17.49},"clouds":{"all":70},"sys":{"pod":"d"},"wind":{"deg":43,"speed":1.7,"gust":2.22}},{"dt":1761890400,"pop":0,"visibility":10000,"dt_txt":"2025-10-31 06:00:00","weather":[{"icon":"04d","description":"?듉援щ쫫","main":"Clouds","id":803}],"main":{"temp":18.14,"temp_min":18.14,"grnd_level":1007,"temp_kf":0,"humidity":61,"pressure":1018,"sea_level":1018,"feels_like":17.6,"temp_max":18.14},"clouds":{"all":69},"sys":{"pod":"d"},"wind":{"deg":327,"speed":2.09,"gust":1.72}},{"dt":1761901200,"pop":0,"visibility":10000,"dt_txt":"2025-10-31 09:00:00","weather":[{"icon":"04n","description":"?듉援щ쫫","main":"Clouds","id":803}],"main":{"temp":13.74,"temp_min":13.74,"grnd_level":1007,"temp_kf":0,"humidity":83,"pressure":1018,"sea_level":1018,"feels_like":13.34,"temp_max":13.74},"clouds":{"all":73},"sys":{"pod":"n"},"wind":{"deg":314,"speed":1.67,"gust":1.88}},{"dt":1761912000,"pop":0.2,"rain":{"3h":0.15},"visibility":10000,"dt_txt":"2025-10-31 12:00:00","weather":[{"icon":"10n","description":"?떎 鍮?","main":"Rain","id":500}],"main":{"temp":13.94,"temp_min":13.94,"grnd_level":1008,"temp_kf":0,"humidity":86,"pressure":1019,"sea_level":1019,"feels_like":13.64,"temp_max":13.94},"clouds":{"all":82},"sys":{"pod":"n"},"wind":{"deg":282,"speed":2.09,"gust":5.4}},{"dt":1761922800,"pop":0.28,"rain":{"3h":0.1},"visibility":10000,"dt_txt":"2025-10-31 15:00:00","weather":[{"icon":"10n","description":"?떎 鍮?","main":"Rain","id":500}],"main":{"temp":13.29,"temp_min":13.29,"grnd_level":1007,"temp_kf":0,"humidity":94,"pressure":1018,"sea_level":1018,"feels_like":13.13,"temp_max":13.29},"clouds":{"all":100},"sys":{"pod":"n"},"wind":{"deg":267,"speed":1.33,"gust":2.9}},{"dt":1761933600,"pop":0.45,"rain":{"3h":0.56},"visibility":10000,"dt_txt":"2025-10-31 18:00:00","weather":[{"icon":"10n","description":"?떎 鍮?","main":"Rain","id":500}],"main":{"temp":13.52,"temp_min":13.52,"grnd_level":1006,"temp_kf":0,"humidity":88,"pressure":1017,"sea_level":1017,"feels_like":13.23,"temp_max":13.52},"clouds":{"all":95},"sys":{"pod":"n"},"wind":{"deg":313,"speed":3.51,"gust":8.5}},{"dt":1761944400,"pop":0,"visibility":10000,"dt_txt":"2025-10-31 21:00:00","weather":[{"icon":"03n","description":"援щ쫫議곌툑","main":"Clouds","id":802}],"main":{"temp":10.45,"temp_min":10.45,"grnd_level":1007,"temp_kf":0,"humidity":79,"pressure":1018,"sea_level":1018,"feels_like":9.61,"temp_max":10.45},"clouds":{"all":25},"sys":{"pod":"n"},"wind":{"deg":299,"speed":2.52,"gust":6.31}},{"dt":1761955200,"pop":0,"visibility":10000,"dt_txt":"2025-11-01 00:00:00","weather":[{"icon":"02d","description":"?빟媛꾩쓽 援щ쫫?씠 ?? ?븯?뒛","main":"Clouds","id":801}],"main":{"temp":13.02,"temp_min":13.02,"grnd_level":1008,"temp_kf":0,"humidity":60,"pressure":1019,"sea_level":1019,"feels_like":11.94,"temp_max":13.02},"clouds":{"all":12},"sys":{"pod":"d"},"wind":{"deg":318,"speed":2.98,"gust":7.1}},{"dt":1761966000,"pop":0,"visibility":10000,"dt_txt":"2025-11-01 03:00:00","weather":[{"icon":"01d","description":"留묒쓬","main":"Clear","id":800}],"main":{"temp":15.69,"temp_min":15.69,"grnd_level":1007,"temp_kf":0,"humidity":47,"pressure":1018,"sea_level":1018,"feels_like":14.54,"temp_max":15.69},"clouds":{"all":0},"sys":{"pod":"d"},"wind":{"deg":317,"speed":5.06,"gust":6.55}},{"dt":1761976800,"pop":0,"visibility":10000,"dt_txt":"2025-11-01 06:00:00","weather":[{"icon":"01d","description":"留묒쓬","main":"Clear","id":800}],"main":{"temp":15.6,"temp_min":15.6,"grnd_level":1006,"temp_kf":0,"humidity":49,"pressure":1017,"sea_level":1017,"feels_like":14.5,"temp_max":15.6},"clouds":{"all":0},"sys":{"pod":"d"},"wind":{"deg":309,"speed":4.47,"gust":5.68}},{"dt":1761987600,"pop":0,"visibility":10000,"dt_txt":"2025-11-01 09:00:00","weather":[{"icon":"01n","description":"留묒쓬","main":"Clear","id":800}],"main":{"temp":11.33,"temp_min":11.33,"grnd_level":1007,"temp_kf":0,"humidity":70,"pressure":1018,"sea_level":1018,"feels_like":10.35,"temp_max":11.33},"clouds":{"all":0},"sys":{"pod":"n"},"wind":{"deg":280,"speed":2.1,"gust":2.36}}]}
]]></system-out>
  <system-err><![CDATA[]]></system-err>
</testsuite>
