<?xml version="1.0" encoding="UTF-8"?>
<testsuite name="edu.sm.product.ProductTest" tests="2" skipped="0" failures="0" errors="0" timestamp="2025-10-27T11:10:56.068Z" hostname="DESKTOP-VB1250F" time="0.062">
  <properties/>
  <testcase name="delete()" classname="edu.sm.product.ProductTest" time="0.027"/>
  <testcase name="getall()" classname="edu.sm.product.ProductTest" time="0.033"/>
  <system-out><![CDATA[[10-27 20:10:56] INFO  o.s.t.c.s.AnnotationConfigContextLoaderUtils - Could not detect default configuration classes for test class [edu.sm.product.ProductTest]: ProductTest does not declare any static, non-private, non-final, nested classes annotated with @Configuration.
[10-27 20:10:56] INFO  o.s.b.t.c.SpringBootTestContextBootstrapper - Found @SpringBootConfiguration edu.sm.ShopApplication for test class edu.sm.product.ProductTest
[10-27 20:10:56] INFO  edu.sm.product.ProductTest - Error Test ...
[10-27 20:10:56] INFO  edu.sm.product.ProductTest - Product(productId=2, productName=반바지, productPrice=123, discountRate=0.0, productImg=b14.jpg, productRegdate=2025-10-13 12:11:12.859186, productUpdate=2025-10-13 12:11:12.859186, cateId=1, cateName=전자기기, productImgFile=null)
[10-27 20:10:56] INFO  edu.sm.product.ProductTest - Product(productId=6, productName=123, productPrice=11, discountRate=0.0, productImg=bb2.jpg, productRegdate=2025-10-13 12:54:44.446203, productUpdate=2025-10-13 12:54:44.446203, cateId=1, cateName=전자기기, productImgFile=null)
[10-27 20:10:56] INFO  edu.sm.product.ProductTest - Product(productId=7, productName=신발, productPrice=122, discountRate=0.0, productImg=sz14.jpg, productRegdate=2025-10-13 14:01:47.145695, productUpdate=2025-10-13 14:22:32.553194, cateId=1, cateName=전자기기, productImgFile=null)
[10-27 20:10:56] INFO  edu.sm.product.ProductTest - Product(productId=8, productName=반팔, productPrice=134444, discountRate=0.0, productImg=pp1.jpg, productRegdate=2025-10-13 14:47:49.020119, productUpdate=2025-10-13 14:47:49.020119, cateId=4, cateName=의류, productImgFile=null)
[10-27 20:10:56] INFO  edu.sm.product.ProductTest - Product(productId=9, productName=반팔2, productPrice=12, discountRate=0.0, productImg=s12.jpg, productRegdate=2025-10-13 14:50:30.753038, productUpdate=2025-10-13 14:50:30.753038, cateId=1, cateName=전자기기, productImgFile=null)
[10-27 20:10:56] INFO  edu.sm.product.ProductTest - Product(productId=11, productName=여름 티셔츠 여름 티셔츠 여름 티셔츠 여름 티셔츠, productPrice=1111, discountRate=0.0, productImg=p1.png, productRegdate=2025-10-13 15:00:18.721979, productUpdate=2025-10-13 15:00:18.721979, cateId=1, cateName=전자기기, productImgFile=null)
[10-27 20:10:56] INFO  edu.sm.product.ProductTest - Product(productId=12, productName=반바지반바지반바지반바지, productPrice=1000000, discountRate=0.0, productImg=b1.png, productRegdate=2025-10-13 15:01:28.6046, productUpdate=2025-10-13 15:01:28.6046, cateId=1, cateName=전자기기, productImgFile=null)
[10-27 20:10:56] INFO  edu.sm.product.ProductTest - Product(productId=13, productName=반팔, productPrice=12, discountRate=0.0, productImg=b1.png, productRegdate=2025-10-13 15:05:08.66214, productUpdate=2025-10-13 15:05:08.66214, cateId=1, cateName=전자기기, productImgFile=null)
[10-27 20:10:56] INFO  edu.sm.product.ProductTest - Product(productId=14, productName=반바지, productPrice=200000000, discountRate=0.0, productImg=b1.png, productRegdate=2025-10-13 15:11:48.701033, productUpdate=2025-10-13 15:11:48.701033, cateId=1, cateName=전자기기, productImgFile=null)
[10-27 20:10:56] INFO  edu.sm.product.ProductTest - Product(productId=15, productName=반바지, productPrice=12, discountRate=0.0, productImg=bb2.jpg, productRegdate=2025-10-13 15:20:55.54722, productUpdate=2025-10-13 15:20:55.54722, cateId=1, cateName=전자기기, productImgFile=null)
[10-27 20:10:56] INFO  edu.sm.product.ProductTest - Product(productId=16, productName=반바지, productPrice=12, discountRate=0.0, productImg=bb2.jpg, productRegdate=2025-10-13 15:21:33.12883, productUpdate=2025-10-13 15:21:33.12883, cateId=1, cateName=전자기기, productImgFile=null)
[10-27 20:10:56] INFO  edu.sm.product.ProductTest - Product(productId=17, productName=반바지, productPrice=11, discountRate=0.0, productImg=pp4.jpg, productRegdate=2025-10-13 15:22:39.167811, productUpdate=2025-10-13 15:22:39.167811, cateId=1, cateName=전자기기, productImgFile=null)
[10-27 20:10:56] INFO  edu.sm.product.ProductTest - Product(productId=18, productName=바지2weq, productPrice=245, discountRate=0.0, productImg=b14.jpg, productRegdate=2025-10-13 17:11:30.377026, productUpdate=2025-10-13 17:11:30.377026, cateId=1, cateName=전자기기, productImgFile=null)
[10-27 20:10:56] INFO  edu.sm.product.ProductTest - Product(productId=19, productName=신발뉴타입, productPrice=30000, discountRate=0.0, productImg=r1.png, productRegdate=2025-10-13 17:18:55.647899, productUpdate=2025-10-13 17:18:55.647899, cateId=1, cateName=전자기기, productImgFile=null)
[10-27 20:10:56] INFO  edu.sm.product.ProductTest - Product(productId=20, productName=반팔, productPrice=1, discountRate=0.0, productImg=b14.jpg, productRegdate=2025-10-13 17:23:51.866354, productUpdate=2025-10-13 17:23:51.866354, cateId=1, cateName=전자기기, productImgFile=null)
[10-27 20:10:56] INFO  edu.sm.product.ProductTest - Product(productId=21, productName=12, productPrice=5000000, discountRate=0.0, productImg=p6.jpg.png, productRegdate=2025-10-13 17:33:13.529178, productUpdate=2025-10-13 17:33:13.529178, cateId=1, cateName=전자기기, productImgFile=null)
[10-27 20:10:56] INFO  edu.sm.product.ProductTest - Product(productId=22, productName=나의 바지, productPrice=11, discountRate=0.0, productImg=b1.png, productRegdate=2025-10-13 17:40:09.565919, productUpdate=2025-10-13 17:40:09.565919, cateId=1, cateName=전자기기, productImgFile=null)
[10-27 20:10:56] INFO  edu.sm.product.ProductTest - Product(productId=23, productName=12, productPrice=1222, discountRate=0.0, productImg=pp1.jpg, productRegdate=2025-10-13 17:41:04.484001, productUpdate=2025-10-13 17:41:04.484001, cateId=1, cateName=전자기기, productImgFile=null)
[10-27 20:10:56] INFO  edu.sm.product.ProductTest - Product(productId=24, productName=반바지w22, productPrice=11222, discountRate=0.0, productImg=s18.jpg, productRegdate=2025-10-13 17:46:24.265756, productUpdate=2025-10-13 17:46:24.265756, cateId=1, cateName=전자기기, productImgFile=null)
[10-27 20:10:56] INFO  edu.sm.product.ProductTest - Product(productId=25, productName=11, productPrice=11, discountRate=0.0, productImg=b1.png, productRegdate=2025-10-13 17:50:30.991499, productUpdate=2025-10-13 17:50:30.991499, cateId=1, cateName=전자기기, productImgFile=null)
[10-27 20:10:56] INFO  edu.sm.product.ProductTest - Product(productId=26, productName=반바지, productPrice=600000, discountRate=0.0, productImg=p1.png, productRegdate=2025-10-13 17:55:07.847199, productUpdate=2025-10-13 17:55:07.847199, cateId=3, cateName=가구, productImgFile=null)
[10-27 20:10:56] INFO  edu.sm.product.ProductTest - Product(productId=27, productName=신창영, productPrice=500000, discountRate=0.0, productImg=s4.png, productRegdate=2025-10-13 17:56:29.839167, productUpdate=2025-10-13 17:56:29.839167, cateId=1, cateName=전자기기, productImgFile=null)
[10-27 20:10:56] INFO  edu.sm.product.ProductTest - Product(productId=28, productName=23반바지, productPrice=123, discountRate=0.0, productImg=b1.png, productRegdate=2025-10-13 18:15:58.911388, productUpdate=2025-10-13 18:15:58.911388, cateId=1, cateName=전자기기, productImgFile=null)
[10-27 20:10:56] INFO  edu.sm.product.ProductTest - Product(productId=29, productName=111반바지, productPrice=9000000, discountRate=0.0, productImg=b1.png, productRegdate=2025-10-13 18:16:23.898162, productUpdate=2025-10-13 18:16:23.898162, cateId=1, cateName=전자기기, productImgFile=null)
[10-27 20:10:56] INFO  edu.sm.product.ProductTest - Product(productId=30, productName=바지2, productPrice=300000, discountRate=0.0, productImg=bb2.jpg, productRegdate=2025-10-13 18:30:13.266657, productUpdate=2025-10-13 18:30:13.266657, cateId=2, cateName=생활용품, productImgFile=null)
[10-27 20:10:56] INFO  edu.sm.product.ProductTest - Product(productId=31, productName=반바지반바지반바지반바지, productPrice=122222222, discountRate=0.0, productImg=b14.jpg, productRegdate=2025-10-13 18:30:38.248486, productUpdate=2025-10-13 18:30:38.248486, cateId=1, cateName=전자기기, productImgFile=null)
[10-27 20:10:56] INFO  edu.sm.product.ProductTest - Product(productId=32, productName=반팔, productPrice=700000, discountRate=0.0, productImg=b14.jpg, productRegdate=2025-10-13 20:23:29.512573, productUpdate=2025-10-13 20:23:29.512573, cateId=1, cateName=전자기기, productImgFile=null)
[10-27 20:10:56] INFO  edu.sm.product.ProductTest - Product(productId=33, productName=반바지, productPrice=12, discountRate=0.0, productImg=p5.png, productRegdate=2025-10-14 11:06:28.567112, productUpdate=2025-10-14 11:06:28.567112, cateId=1, cateName=전자기기, productImgFile=null)
[10-27 20:10:56] INFO  edu.sm.product.ProductTest - Product(productId=34, productName=11, productPrice=11, discountRate=0.0, productImg=bb2.jpg, productRegdate=2025-10-27 17:16:07.38329, productUpdate=2025-10-27 17:16:07.38329, cateId=1, cateName=전자기기, productImgFile=null)
[10-27 20:10:56] INFO  edu.sm.product.ProductTest - Product(productId=35, productName=12312, productPrice=1231, discountRate=0.0, productImg=바지.jpg, productRegdate=2025-10-27 17:20:11.586279, productUpdate=2025-10-27 17:20:11.586279, cateId=1, cateName=전자기기, productImgFile=null)
[10-27 20:10:56] INFO  edu.sm.product.ProductTest - Select All End ------------------------------------------
]]></system-out>
  <system-err><![CDATA[java.lang.NullPointerException: Cannot invoke "edu.sm.app.dto.Product.getProductImg()" because "product" is null
	at edu.sm.app.service.ProductService.remove(ProductService.java:56)
	at java.base/jdk.internal.reflect.NativeMethodAccessorImpl.invoke0(Native Method)
	at java.base/jdk.internal.reflect.NativeMethodAccessorImpl.invoke(NativeMethodAccessorImpl.java:77)
	at java.base/jdk.internal.reflect.DelegatingMethodAccessorImpl.invoke(DelegatingMethodAccessorImpl.java:43)
	at java.base/java.lang.reflect.Method.invoke(Method.java:568)
	at org.springframework.aop.support.AopUtils.invokeJoinpointUsingReflection(AopUtils.java:360)
	at org.springframework.aop.framework.ReflectiveMethodInvocation.invokeJoinpoint(ReflectiveMethodInvocation.java:196)
	at org.springframework.aop.framework.ReflectiveMethodInvocation.proceed(ReflectiveMethodInvocation.java:163)
	at org.springframework.transaction.interceptor.TransactionAspectSupport.invokeWithinTransaction(TransactionAspectSupport.java:380)
	at org.springframework.transaction.interceptor.TransactionInterceptor.invoke(TransactionInterceptor.java:119)
	at org.springframework.aop.framework.ReflectiveMethodInvocation.proceed(ReflectiveMethodInvocation.java:184)
	at org.springframework.aop.framework.CglibAopProxy$DynamicAdvisedInterceptor.intercept(CglibAopProxy.java:728)
	at edu.sm.app.service.ProductService$$SpringCGLIB$$0.remove(<generated>)
	at edu.sm.product.ProductTest.delete(ProductTest.java:64)
	at java.base/jdk.internal.reflect.NativeMethodAccessorImpl.invoke0(Native Method)
	at java.base/jdk.internal.reflect.NativeMethodAccessorImpl.invoke(NativeMethodAccessorImpl.java:77)
	at java.base/jdk.internal.reflect.DelegatingMethodAccessorImpl.invoke(DelegatingMethodAccessorImpl.java:43)
	at java.base/java.lang.reflect.Method.invoke(Method.java:568)
	at org.junit.platform.commons.util.ReflectionUtils.invokeMethod(ReflectionUtils.java:767)
	at org.junit.jupiter.engine.execution.MethodInvocation.proceed(MethodInvocation.java:60)
	at org.junit.jupiter.engine.execution.InvocationInterceptorChain$ValidatingInvocation.proceed(InvocationInterceptorChain.java:131)
	at org.junit.jupiter.engine.extension.TimeoutExtension.intercept(TimeoutExtension.java:156)
	at org.junit.jupiter.engine.extension.TimeoutExtension.interceptTestableMethod(TimeoutExtension.java:147)
	at org.junit.jupiter.engine.extension.TimeoutExtension.interceptTestMethod(TimeoutExtension.java:86)
	at org.junit.jupiter.engine.execution.InterceptingExecutableInvoker$ReflectiveInterceptorCall.lambda$ofVoidMethod$0(InterceptingExecutableInvoker.java:103)
	at org.junit.jupiter.engine.execution.InterceptingExecutableInvoker.lambda$invoke$0(InterceptingExecutableInvoker.java:93)
	at org.junit.jupiter.engine.execution.InvocationInterceptorChain$InterceptedInvocation.proceed(InvocationInterceptorChain.java:106)
	at org.junit.jupiter.engine.execution.InvocationInterceptorChain.proceed(InvocationInterceptorChain.java:64)
	at org.junit.jupiter.engine.execution.InvocationInterceptorChain.chainAndInvoke(InvocationInterceptorChain.java:45)
	at org.junit.jupiter.engine.execution.InvocationInterceptorChain.invoke(InvocationInterceptorChain.java:37)
	at org.junit.jupiter.engine.execution.InterceptingExecutableInvoker.invoke(InterceptingExecutableInvoker.java:92)
	at org.junit.jupiter.engine.execution.InterceptingExecutableInvoker.invoke(InterceptingExecutableInvoker.java:86)
	at org.junit.jupiter.engine.descriptor.TestMethodTestDescriptor.lambda$invokeTestMethod$8(TestMethodTestDescriptor.java:217)
	at org.junit.platform.engine.support.hierarchical.ThrowableCollector.execute(ThrowableCollector.java:73)
	at org.junit.jupiter.engine.descriptor.TestMethodTestDescriptor.invokeTestMethod(TestMethodTestDescriptor.java:213)
	at org.junit.jupiter.engine.descriptor.TestMethodTestDescriptor.execute(TestMethodTestDescriptor.java:138)
	at org.junit.jupiter.engine.descriptor.TestMethodTestDescriptor.execute(TestMethodTestDescriptor.java:68)
	at org.junit.platform.engine.support.hierarchical.NodeTestTask.lambda$executeRecursively$6(NodeTestTask.java:156)
	at org.junit.platform.engine.support.hierarchical.ThrowableCollector.execute(ThrowableCollector.java:73)
	at org.junit.platform.engine.support.hierarchical.NodeTestTask.lambda$executeRecursively$8(NodeTestTask.java:146)
	at org.junit.platform.engine.support.hierarchical.Node.around(Node.java:137)
	at org.junit.platform.engine.support.hierarchical.NodeTestTask.lambda$executeRecursively$9(NodeTestTask.java:144)
	at org.junit.platform.engine.support.hierarchical.ThrowableCollector.execute(ThrowableCollector.java:73)
	at org.junit.platform.engine.support.hierarchical.NodeTestTask.executeRecursively(NodeTestTask.java:143)
	at org.junit.platform.engine.support.hierarchical.NodeTestTask.execute(NodeTestTask.java:100)
	at java.base/java.util.ArrayList.forEach(ArrayList.java:1511)
	at org.junit.platform.engine.support.hierarchical.SameThreadHierarchicalTestExecutorService.invokeAll(SameThreadHierarchicalTestExecutorService.java:41)
	at org.junit.platform.engine.support.hierarchical.NodeTestTask.lambda$executeRecursively$6(NodeTestTask.java:160)
	at org.junit.platform.engine.support.hierarchical.ThrowableCollector.execute(ThrowableCollector.java:73)
	at org.junit.platform.engine.support.hierarchical.NodeTestTask.lambda$executeRecursively$8(NodeTestTask.java:146)
	at org.junit.platform.engine.support.hierarchical.Node.around(Node.java:137)
	at org.junit.platform.engine.support.hierarchical.NodeTestTask.lambda$executeRecursively$9(NodeTestTask.java:144)
	at org.junit.platform.engine.support.hierarchical.ThrowableCollector.execute(ThrowableCollector.java:73)
	at org.junit.platform.engine.support.hierarchical.NodeTestTask.executeRecursively(NodeTestTask.java:143)
	at org.junit.platform.engine.support.hierarchical.NodeTestTask.execute(NodeTestTask.java:100)
	at java.base/java.util.ArrayList.forEach(ArrayList.java:1511)
	at org.junit.platform.engine.support.hierarchical.SameThreadHierarchicalTestExecutorService.invokeAll(SameThreadHierarchicalTestExecutorService.java:41)
	at org.junit.platform.engine.support.hierarchical.NodeTestTask.lambda$executeRecursively$6(NodeTestTask.java:160)
	at org.junit.platform.engine.support.hierarchical.ThrowableCollector.execute(ThrowableCollector.java:73)
	at org.junit.platform.engine.support.hierarchical.NodeTestTask.lambda$executeRecursively$8(NodeTestTask.java:146)
	at org.junit.platform.engine.support.hierarchical.Node.around(Node.java:137)
	at org.junit.platform.engine.support.hierarchical.NodeTestTask.lambda$executeRecursively$9(NodeTestTask.java:144)
	at org.junit.platform.engine.support.hierarchical.ThrowableCollector.execute(ThrowableCollector.java:73)
	at org.junit.platform.engine.support.hierarchical.NodeTestTask.executeRecursively(NodeTestTask.java:143)
	at org.junit.platform.engine.support.hierarchical.NodeTestTask.execute(NodeTestTask.java:100)
	at org.junit.platform.engine.support.hierarchical.SameThreadHierarchicalTestExecutorService.submit(SameThreadHierarchicalTestExecutorService.java:35)
	at org.junit.platform.engine.support.hierarchical.HierarchicalTestExecutor.execute(HierarchicalTestExecutor.java:57)
	at org.junit.platform.engine.support.hierarchical.HierarchicalTestEngine.execute(HierarchicalTestEngine.java:54)
	at org.junit.platform.launcher.core.EngineExecutionOrchestrator.execute(EngineExecutionOrchestrator.java:198)
	at org.junit.platform.launcher.core.EngineExecutionOrchestrator.execute(EngineExecutionOrchestrator.java:169)
	at org.junit.platform.launcher.core.EngineExecutionOrchestrator.execute(EngineExecutionOrchestrator.java:93)
	at org.junit.platform.launcher.core.EngineExecutionOrchestrator.lambda$execute$0(EngineExecutionOrchestrator.java:58)
	at org.junit.platform.launcher.core.EngineExecutionOrchestrator.withInterceptedStreams(EngineExecutionOrchestrator.java:141)
	at org.junit.platform.launcher.core.EngineExecutionOrchestrator.execute(EngineExecutionOrchestrator.java:57)
	at org.junit.platform.launcher.core.DefaultLauncher.execute(DefaultLauncher.java:103)
	at org.junit.platform.launcher.core.DefaultLauncher.execute(DefaultLauncher.java:85)
	at org.junit.platform.launcher.core.DelegatingLauncher.execute(DelegatingLauncher.java:47)
	at org.gradle.api.internal.tasks.testing.junitplatform.JUnitPlatformTestClassProcessor$CollectAllTestClassesExecutor.processAllTestClasses(JUnitPlatformTestClassProcessor.java:124)
	at org.gradle.api.internal.tasks.testing.junitplatform.JUnitPlatformTestClassProcessor$CollectAllTestClassesExecutor.access$000(JUnitPlatformTestClassProcessor.java:99)
	at org.gradle.api.internal.tasks.testing.junitplatform.JUnitPlatformTestClassProcessor.stop(JUnitPlatformTestClassProcessor.java:94)
	at org.gradle.api.internal.tasks.testing.SuiteTestClassProcessor.stop(SuiteTestClassProcessor.java:63)
	at java.base/jdk.internal.reflect.NativeMethodAccessorImpl.invoke0(Native Method)
	at java.base/jdk.internal.reflect.NativeMethodAccessorImpl.invoke(NativeMethodAccessorImpl.java:77)
	at java.base/jdk.internal.reflect.DelegatingMethodAccessorImpl.invoke(DelegatingMethodAccessorImpl.java:43)
	at java.base/java.lang.reflect.Method.invoke(Method.java:568)
	at org.gradle.internal.dispatch.ReflectionDispatch.dispatch(ReflectionDispatch.java:36)
	at org.gradle.internal.dispatch.ReflectionDispatch.dispatch(ReflectionDispatch.java:24)
	at org.gradle.internal.dispatch.ContextClassLoaderDispatch.dispatch(ContextClassLoaderDispatch.java:33)
	at org.gradle.internal.dispatch.ProxyDispatchAdapter$DispatchingInvocationHandler.invoke(ProxyDispatchAdapter.java:92)
	at jdk.proxy1/jdk.proxy1.$Proxy4.stop(Unknown Source)
	at org.gradle.api.internal.tasks.testing.worker.TestWorker$3.run(TestWorker.java:200)
	at org.gradle.api.internal.tasks.testing.worker.TestWorker.executeAndMaintainThreadName(TestWorker.java:132)
	at org.gradle.api.internal.tasks.testing.worker.TestWorker.execute(TestWorker.java:103)
	at org.gradle.api.internal.tasks.testing.worker.TestWorker.execute(TestWorker.java:63)
	at org.gradle.process.internal.worker.child.ActionExecutionWorker.execute(ActionExecutionWorker.java:56)
	at org.gradle.process.internal.worker.child.SystemApplicationClassLoaderWorker.call(SystemApplicationClassLoaderWorker.java:121)
	at org.gradle.process.internal.worker.child.SystemApplicationClassLoaderWorker.call(SystemApplicationClassLoaderWorker.java:71)
	at worker.org.gradle.process.internal.worker.GradleWorkerMain.run(GradleWorkerMain.java:69)
	at worker.org.gradle.process.internal.worker.GradleWorkerMain.main(GradleWorkerMain.java:74)
]]></system-err>
</testsuite>
