<?xml version="1.0" encoding="UTF-8"?>
<testsuite name="edu.sm.cust.SearchTests" tests="1" skipped="0" failures="1" errors="0" timestamp="2025-10-27T11:10:55.775Z" hostname="DESKTOP-VB1250F" time="0.066">
  <properties/>
  <testcase name="contextLoads()" classname="edu.sm.cust.SearchTests" time="0.066">
    <failure message="org.springframework.jdbc.BadSqlGrammarException: &#13;&#10;### Error querying database.  Cause: org.postgresql.util.PSQLException: 오류: 연산자 없음: timestamp without time zone &gt;= character varying&#10;  Hint: 지정된 이름 및 인자 형식과 일치하는 연산자가 없습니다. 명시적 형변환자를 추가해야 할 수도 있습니다.&#10;  Position: 165&#13;&#10;### The error may exist in file [C:\smspring\shop\build\resources\main\mapper\Custmapper.xml]&#13;&#10;### The error may involve edu.sm.app.repository.CustRepository.searchCustList-Inline&#13;&#10;### The error occurred while setting parameters&#13;&#10;### SQL: select * from cust          WHERE cust_name like concat('%',?,'%')                                                                               and cust_regdate  &gt;=  ?                                                                                and date(cust_regdate) &lt;=  ?&#13;&#10;### Cause: org.postgresql.util.PSQLException: 오류: 연산자 없음: timestamp without time zone &gt;= character varying&#10;  Hint: 지정된 이름 및 인자 형식과 일치하는 연산자가 없습니다. 명시적 형변환자를 추가해야 할 수도 있습니다.&#10;  Position: 165&#10;; bad SQL grammar []" type="org.springframework.jdbc.BadSqlGrammarException">org.springframework.jdbc.BadSqlGrammarException: 
### Error querying database.  Cause: org.postgresql.util.PSQLException: 오류: 연산자 없음: timestamp without time zone &gt;= character varying
  Hint: 지정된 이름 및 인자 형식과 일치하는 연산자가 없습니다. 명시적 형변환자를 추가해야 할 수도 있습니다.
  Position: 165
### The error may exist in file [C:\smspring\shop\build\resources\main\mapper\Custmapper.xml]
### The error may involve edu.sm.app.repository.CustRepository.searchCustList-Inline
### The error occurred while setting parameters
### SQL: select * from cust          WHERE cust_name like concat('%',?,'%')                                                                               and cust_regdate  &gt;=  ?                                                                                and date(cust_regdate) &lt;=  ?
### Cause: org.postgresql.util.PSQLException: 오류: 연산자 없음: timestamp without time zone &gt;= character varying
  Hint: 지정된 이름 및 인자 형식과 일치하는 연산자가 없습니다. 명시적 형변환자를 추가해야 할 수도 있습니다.
  Position: 165
; bad SQL grammar []
	at app//org.springframework.jdbc.support.SQLStateSQLExceptionTranslator.doTranslate(SQLStateSQLExceptionTranslator.java:114)
	at app//org.springframework.jdbc.support.AbstractFallbackSQLExceptionTranslator.translate(AbstractFallbackSQLExceptionTranslator.java:107)
	at app//org.springframework.jdbc.support.AbstractFallbackSQLExceptionTranslator.translate(AbstractFallbackSQLExceptionTranslator.java:116)
	at app//org.springframework.jdbc.support.AbstractFallbackSQLExceptionTranslator.translate(AbstractFallbackSQLExceptionTranslator.java:116)
	at app//org.mybatis.spring.MyBatisExceptionTranslator.translateExceptionIfPossible(MyBatisExceptionTranslator.java:92)
	at app//org.mybatis.spring.SqlSessionTemplate$SqlSessionInterceptor.invoke(SqlSessionTemplate.java:439)
	at app/jdk.proxy3/jdk.proxy3.$Proxy83.selectList(Unknown Source)
	at app//org.mybatis.spring.SqlSessionTemplate.selectList(SqlSessionTemplate.java:224)
	at app//org.apache.ibatis.binding.MapperMethod.executeForMany(MapperMethod.java:147)
	at app//org.apache.ibatis.binding.MapperMethod.execute(MapperMethod.java:80)
	at app//org.apache.ibatis.binding.MapperProxy$PlainMethodInvoker.invoke(MapperProxy.java:141)
	at app//org.apache.ibatis.binding.MapperProxy.invoke(MapperProxy.java:86)
	at app/jdk.proxy3/jdk.proxy3.$Proxy87.searchCustList(Unknown Source)
	at java.base@17.0.15/jdk.internal.reflect.NativeMethodAccessorImpl.invoke0(Native Method)
	at java.base@17.0.15/jdk.internal.reflect.NativeMethodAccessorImpl.invoke(NativeMethodAccessorImpl.java:77)
	at java.base@17.0.15/jdk.internal.reflect.DelegatingMethodAccessorImpl.invoke(DelegatingMethodAccessorImpl.java:43)
	at java.base@17.0.15/java.lang.reflect.Method.invoke(Method.java:568)
	at app//org.springframework.aop.support.AopUtils.invokeJoinpointUsingReflection(AopUtils.java:360)
	at app//org.springframework.aop.framework.ReflectiveMethodInvocation.invokeJoinpoint(ReflectiveMethodInvocation.java:196)
	at app//org.springframework.aop.framework.ReflectiveMethodInvocation.proceed(ReflectiveMethodInvocation.java:163)
	at app//org.springframework.dao.support.PersistenceExceptionTranslationInterceptor.invoke(PersistenceExceptionTranslationInterceptor.java:138)
	at app//org.springframework.aop.framework.ReflectiveMethodInvocation.proceed(ReflectiveMethodInvocation.java:184)
	at app//org.springframework.aop.framework.JdkDynamicAopProxy.invoke(JdkDynamicAopProxy.java:223)
	at app/jdk.proxy3/jdk.proxy3.$Proxy88.searchCustList(Unknown Source)
	at app//edu.sm.app.service.CustService.searchCustList(CustService.java:47)
	at java.base@17.0.15/jdk.internal.reflect.NativeMethodAccessorImpl.invoke0(Native Method)
	at java.base@17.0.15/jdk.internal.reflect.NativeMethodAccessorImpl.invoke(NativeMethodAccessorImpl.java:77)
	at java.base@17.0.15/jdk.internal.reflect.DelegatingMethodAccessorImpl.invoke(DelegatingMethodAccessorImpl.java:43)
	at java.base@17.0.15/java.lang.reflect.Method.invoke(Method.java:568)
	at app//org.springframework.aop.support.AopUtils.invokeJoinpointUsingReflection(AopUtils.java:360)
	at app//org.springframework.aop.framework.CglibAopProxy$DynamicAdvisedInterceptor.intercept(CglibAopProxy.java:724)
	at app//edu.sm.app.service.CustService$$SpringCGLIB$$0.searchCustList(&lt;generated&gt;)
	at app//edu.sm.cust.SearchTests.contextLoads(SearchTests.java:32)
	at java.base@17.0.15/java.lang.reflect.Method.invoke(Method.java:568)
	at java.base@17.0.15/java.util.ArrayList.forEach(ArrayList.java:1511)
	at java.base@17.0.15/java.util.ArrayList.forEach(ArrayList.java:1511)
Caused by: org.postgresql.util.PSQLException: 오류: 연산자 없음: timestamp without time zone &gt;= character varying
  Hint: 지정된 이름 및 인자 형식과 일치하는 연산자가 없습니다. 명시적 형변환자를 추가해야 할 수도 있습니다.
  Position: 165
	at app//org.postgresql.core.v3.QueryExecutorImpl.receiveErrorResponse(QueryExecutorImpl.java:2734)
	at app//org.postgresql.core.v3.QueryExecutorImpl.processResults(QueryExecutorImpl.java:2421)
	at app//org.postgresql.core.v3.QueryExecutorImpl.execute(QueryExecutorImpl.java:372)
	at app//org.postgresql.jdbc.PgStatement.executeInternal(PgStatement.java:518)
	at app//org.postgresql.jdbc.PgStatement.execute(PgStatement.java:435)
	at app//org.postgresql.jdbc.PgPreparedStatement.executeWithFlags(PgPreparedStatement.java:196)
	at app//org.postgresql.jdbc.PgPreparedStatement.execute(PgPreparedStatement.java:182)
	at app//com.zaxxer.hikari.pool.ProxyPreparedStatement.execute(ProxyPreparedStatement.java:44)
	at app//com.zaxxer.hikari.pool.HikariProxyPreparedStatement.execute(HikariProxyPreparedStatement.java)
	at app//org.apache.ibatis.executor.statement.PreparedStatementHandler.query(PreparedStatementHandler.java:65)
	at app//org.apache.ibatis.executor.statement.RoutingStatementHandler.query(RoutingStatementHandler.java:80)
	at app//org.apache.ibatis.executor.SimpleExecutor.doQuery(SimpleExecutor.java:65)
	at app//org.apache.ibatis.executor.BaseExecutor.queryFromDatabase(BaseExecutor.java:336)
	at app//org.apache.ibatis.executor.BaseExecutor.query(BaseExecutor.java:158)
	at app//org.apache.ibatis.executor.CachingExecutor.query(CachingExecutor.java:110)
	at app//com.github.pagehelper.PageInterceptor.intercept(PageInterceptor.java:151)
	at app//org.apache.ibatis.plugin.Plugin.invoke(Plugin.java:59)
	at app/jdk.proxy3/jdk.proxy3.$Proxy164.query(Unknown Source)
	at app//org.apache.ibatis.session.defaults.DefaultSqlSession.selectList(DefaultSqlSession.java:154)
	at app//org.apache.ibatis.session.defaults.DefaultSqlSession.selectList(DefaultSqlSession.java:147)
	at app//org.apache.ibatis.session.defaults.DefaultSqlSession.selectList(DefaultSqlSession.java:142)
	at java.base@17.0.15/jdk.internal.reflect.NativeMethodAccessorImpl.invoke0(Native Method)
	at java.base@17.0.15/jdk.internal.reflect.NativeMethodAccessorImpl.invoke(NativeMethodAccessorImpl.java:77)
	at java.base@17.0.15/jdk.internal.reflect.DelegatingMethodAccessorImpl.invoke(DelegatingMethodAccessorImpl.java:43)
	at java.base@17.0.15/java.lang.reflect.Method.invoke(Method.java:568)
	at app//org.mybatis.spring.SqlSessionTemplate$SqlSessionInterceptor.invoke(SqlSessionTemplate.java:425)
	... 30 more
</failure>
  </testcase>
  <system-out><![CDATA[[10-27 20:10:55] INFO  o.s.t.c.s.AnnotationConfigContextLoaderUtils - Could not detect default configuration classes for test class [edu.sm.cust.SearchTests]: SearchTests does not declare any static, non-private, non-final, nested classes annotated with @Configuration.
[10-27 20:10:55] INFO  o.s.b.t.c.SpringBootTestContextBootstrapper - Found @SpringBootConfiguration edu.sm.ShopApplication for test class edu.sm.cust.SearchTests
]]></system-out>
  <system-err><![CDATA[]]></system-err>
</testsuite>
