<?xml version="1.0" encoding="UTF-8"?>
<testsuite name="edu.sm.ShopApplicationTests" tests="1" skipped="0" failures="0" errors="0" timestamp="2025-10-27T11:10:55.019Z" hostname="DESKTOP-VB1250F" time="0.01">
  <properties/>
  <testcase name="contextLoads()" classname="edu.sm.ShopApplicationTests" time="0.01"/>
  <system-out><![CDATA[[10-27 20:10:55] INFO  o.s.t.c.s.AnnotationConfigContextLoaderUtils - Could not detect default configuration classes for test class [edu.sm.ShopApplicationTests]: ShopApplicationTests does not declare any static, non-private, non-final, nested classes annotated with @Configuration.
[10-27 20:10:55] INFO  o.s.b.t.c.SpringBootTestContextBootstrapper - Found @SpringBootConfiguration edu.sm.ShopApplication for test class edu.sm.ShopApplicationTests
]]></system-out>
  <system-err><![CDATA[]]></system-err>
</testsuite>
