<?xml version="1.0" encoding="UTF-8"?>
<testsuite name="edu.sm.wather.Wheather1Tests" tests="1" skipped="0" failures="0" errors="0" timestamp="2025-10-27T11:10:56.453Z" hostname="DESKTOP-VB1250F" time="0.104">
  <properties/>
  <testcase name="contextLoads()" classname="edu.sm.wather.Wheather1Tests" time="0.104"/>
  <system-out><![CDATA[[10-27 20:10:56] INFO  o.s.t.c.s.AnnotationConfigContextLoaderUtils - Could not detect default configuration classes for test class [edu.sm.wather.Wheather1Tests]: Wheather1Tests does not declare any static, non-private, non-final, nested classes annotated with @Configuration.
[10-27 20:10:56] INFO  o.s.b.t.c.SpringBootTestContextBootstrapper - Found @SpringBootConfiguration edu.sm.ShopApplication for test class edu.sm.wather.Wheather1Tests
Response code: 200
{"response":{"header":{"resultCode":"00","resultMsg":"NORMAL_SERVICE"},"body":{"dataType":"JSON","items":{"item":[{"wfSv":"?뿃 (媛뺤닔) 31?씪(湲?) ?삤?썑?뿉 鍮꾧? ?궡由щ뒗 怨녹씠 ?엳寃좎뒿?땲?떎.\n?뿃 (湲곗삩) 11?썡 2?씪(?씪)~4?씪(?솕)?? ?븘移? 湲곗삩 -1~7?꼦, ?궙 湲곗삩 10~16?꼦濡? ?룊?뀈(理쒖?湲곗삩 2~7?꼦, 理쒓퀬湲곗삩 16~17?꼦)蹂대떎 ?궙寃좉퀬, \n          洹? 諛뽰쓽 ?궇?? ?븘移? 湲곗삩 4~11?꼦, ?궙 湲곗삩 15~20?꼦濡? ?룊?뀈(理쒖?湲곗삩 2~8?꼦, 理쒓퀬湲곗삩 16~17?꼦)蹂대떎 ?넂寃좎뒿?땲?떎.\n?뿃 (?빐?긽) ?꽌?빐以묐??빐?긽?쓽 臾쇨껐?? 11?썡 2?씪(?씪) 1.0~2.5m濡? ?씪寃좉퀬, 洹? 諛뽰쓽 ?궇?? 0.5~2.0m濡? ?씪寃좎뒿?땲?떎.\n?뿃 (二쇰쭚 ?쟾留?) 11?썡 1?씪(?넗)?? 援щ쫫留롪쿋怨?, 2?씪(?씪)?? ??泥대줈 留묎쿋?뒿?땲?떎. ?븘移? 湲곗삩?? 3~11?꼦, ?궙 湲곗삩?? 10~17?꼦媛? ?릺寃좎뒿?땲?떎.\n\n* (蹂??룞?꽦) 10?썡 31?씪(湲?)~11?썡 1?씪(?넗) ?긽痢? 湲곗븬怨⑥쓽 諛쒕떖怨? ?씠?룞?냽?룄 ?벑 ?슦由щ굹?씪 二쇰? 湲곗븬怨? 蹂??솕?뿉 ?뵲?씪 媛뺤닔援ъ뿭怨? ?떆?젏?씠 蹂?寃쎈맆 媛??뒫?꽦?씠 ?엳寃좎쑝?땲, \n           ?븵?쑝濡? 諛쒗몴?븯?뒗 理쒖떊 ?삁蹂대?? 李멸퀬?븯湲? 諛붾엻?땲?떎."}]},"pageNo":1,"numOfRows":10,"totalCount":1}}}
{"response":{"header":{"resultCode":"00","resultMsg":"NORMAL_SERVICE"},"body":{"dataType":"JSON","items":{"item":[{"wfSv":"?뿃 (媛뺤닔) 31?씪(湲?) ?삤?썑?뿉 鍮꾧? ?궡由щ뒗 怨녹씠 ?엳寃좎뒿?땲?떎.\n?뿃 (湲곗삩) 11?썡 2?씪(?씪)~4?씪(?솕)?? ?븘移? 湲곗삩 -1~7?꼦, ?궙 湲곗삩 10~16?꼦濡? ?룊?뀈(理쒖?湲곗삩 2~7?꼦, 理쒓퀬湲곗삩 16~17?꼦)蹂대떎 ?궙寃좉퀬, \n          洹? 諛뽰쓽 ?궇?? ?븘移? 湲곗삩 4~11?꼦, ?궙 湲곗삩 15~20?꼦濡? ?룊?뀈(理쒖?湲곗삩 2~8?꼦, 理쒓퀬湲곗삩 16~17?꼦)蹂대떎 ?넂寃좎뒿?땲?떎.\n?뿃 (?빐?긽) ?꽌?빐以묐??빐?긽?쓽 臾쇨껐?? 11?썡 2?씪(?씪) 1.0~2.5m濡? ?씪寃좉퀬, 洹? 諛뽰쓽 ?궇?? 0.5~2.0m濡? ?씪寃좎뒿?땲?떎.\n?뿃 (二쇰쭚 ?쟾留?) 11?썡 1?씪(?넗)?? 援щ쫫留롪쿋怨?, 2?씪(?씪)?? ??泥대줈 留묎쿋?뒿?땲?떎. ?븘移? 湲곗삩?? 3~11?꼦, ?궙 湲곗삩?? 10~17?꼦媛? ?릺寃좎뒿?땲?떎.\n\n* (蹂??룞?꽦) 10?썡 31?씪(湲?)~11?썡 1?씪(?넗) ?긽痢? 湲곗븬怨⑥쓽 諛쒕떖怨? ?씠?룞?냽?룄 ?벑 ?슦由щ굹?씪 二쇰? 湲곗븬怨? 蹂??솕?뿉 ?뵲?씪 媛뺤닔援ъ뿭怨? ?떆?젏?씠 蹂?寃쎈맆 媛??뒫?꽦?씠 ?엳寃좎쑝?땲, \n           ?븵?쑝濡? 諛쒗몴?븯?뒗 理쒖떊 ?삁蹂대?? 李멸퀬?븯湲? 諛붾엻?땲?떎."}]},"pageNo":1,"numOfRows":10,"totalCount":1}}}
[10-27 20:10:56] INFO  edu.sm.wather.Wheather1Tests - {"response":{"header":{"resultCode":"00","resultMsg":"NORMAL_SERVICE"},"body":{"pageNo":1,"dataType":"JSON","totalCount":1,"items":{"item":[{"wfSv":"?뿃 (媛뺤닔) 31?씪(湲?) ?삤?썑?뿉 鍮꾧? ?궡由щ뒗 怨녹씠 ?엳寃좎뒿?땲?떎.\n?뿃 (湲곗삩) 11?썡 2?씪(?씪)~4?씪(?솕)?? ?븘移? 湲곗삩 -1~7?꼦, ?궙 湲곗삩 10~16?꼦濡? ?룊?뀈(理쒖?湲곗삩 2~7?꼦, 理쒓퀬湲곗삩 16~17?꼦)蹂대떎 ?궙寃좉퀬, \n          洹? 諛뽰쓽 ?궇?? ?븘移? 湲곗삩 4~11?꼦, ?궙 湲곗삩 15~20?꼦濡? ?룊?뀈(理쒖?湲곗삩 2~8?꼦, 理쒓퀬湲곗삩 16~17?꼦)蹂대떎 ?넂寃좎뒿?땲?떎.\n?뿃 (?빐?긽) ?꽌?빐以묐??빐?긽?쓽 臾쇨껐?? 11?썡 2?씪(?씪) 1.0~2.5m濡? ?씪寃좉퀬, 洹? 諛뽰쓽 ?궇?? 0.5~2.0m濡? ?씪寃좎뒿?땲?떎.\n?뿃 (二쇰쭚 ?쟾留?) 11?썡 1?씪(?넗)?? 援щ쫫留롪쿋怨?, 2?씪(?씪)?? ??泥대줈 留묎쿋?뒿?땲?떎. ?븘移? 湲곗삩?? 3~11?꼦, ?궙 湲곗삩?? 10~17?꼦媛? ?릺寃좎뒿?땲?떎.\n\n* (蹂??룞?꽦) 10?썡 31?씪(湲?)~11?썡 1?씪(?넗) ?긽痢? 湲곗븬怨⑥쓽 諛쒕떖怨? ?씠?룞?냽?룄 ?벑 ?슦由щ굹?씪 二쇰? 湲곗븬怨? 蹂??솕?뿉 ?뵲?씪 媛뺤닔援ъ뿭怨? ?떆?젏?씠 蹂?寃쎈맆 媛??뒫?꽦?씠 ?엳寃좎쑝?땲, \n           ?븵?쑝濡? 諛쒗몴?븯?뒗 理쒖떊 ?삁蹂대?? 李멸퀬?븯湲? 諛붾엻?땲?떎."}]},"numOfRows":10}}}
]]></system-out>
  <system-err><![CDATA[]]></system-err>
</testsuite>
